Using pre-set license
Built from '2022.2/china_unity/release' branch; Version is '2022.2.15f1c1 (e3ae2d1a73e4) revision 14921261'; Using compiler version '192829333'; Build Type 'Release'
OS: 'Windows 10  (10.0.19045) 64bit CoreCountrySpecific' Language: 'zh' Physical Memory: 16219 MB
BatchMode: 1, IsHumanControllingUs: 0, StartBugReporterOnCrash: 0, Is64bit: 1, IsPro: 1

COMMAND LINE ARGUMENTS:
D:\CodeEdit\Unity\Hub\Editor\2022.2.15f1c1\Editor\Unity.exe
-adb2
-batchMode
-noUpm
-name
AssetImportWorker0
-projectPath
D:/GameCode/frog and road
-logFile
Logs/AssetImportWorker0.log
-srvPort
7468
Successfully changed project path to: D:/GameCode/frog and road
D:/GameCode/frog and road
[UnityMemory] Configuration Parameters - Can be set up in boot.config
    "memorysetup-bucket-allocator-granularity=16"
    "memorysetup-bucket-allocator-bucket-count=8"
    "memorysetup-bucket-allocator-block-size=33554432"
    "memorysetup-bucket-allocator-block-count=8"
    "memorysetup-main-allocator-block-size=16777216"
    "memorysetup-thread-allocator-block-size=16777216"
    "memorysetup-gfx-main-allocator-block-size=16777216"
    "memorysetup-gfx-thread-allocator-block-size=16777216"
    "memorysetup-cache-allocator-block-size=4194304"
    "memorysetup-typetree-allocator-block-size=2097152"
    "memorysetup-profiler-bucket-allocator-granularity=16"
    "memorysetup-profiler-bucket-allocator-bucket-count=8"
    "memorysetup-profiler-bucket-allocator-block-size=33554432"
    "memorysetup-profiler-bucket-allocator-block-count=8"
    "memorysetup-profiler-allocator-block-size=16777216"
    "memorysetup-profiler-editor-allocator-block-size=1048576"
    "memorysetup-temp-allocator-size-main=16777216"
    "memorysetup-job-temp-allocator-block-size=4194304"
    "memorysetup-job-temp-allocator-block-size-background=1048576"
    "memorysetup-job-temp-allocator-reduction-small-platforms=262144"
    "memorysetup-temp-allocator-size-background-worker=32768"
    "memorysetup-temp-allocator-size-job-worker=262144"
    "memorysetup-temp-allocator-size-preload-manager=33554432"
    "memorysetup-temp-allocator-size-nav-mesh-worker=65536"
    "memorysetup-temp-allocator-size-audio-worker=65536"
    "memorysetup-temp-allocator-size-cloud-worker=32768"
    "memorysetup-temp-allocator-size-gi-baking-worker=262144"
    "memorysetup-temp-allocator-size-gfx=262144"
Player connection [10496] Host "[IP] 192.168.31.175 [Port] 0 [Flags] 2 [Guid] 1072328195 [EditorId] 1072328195 [Version] 1048832 [Id] WindowsEditor(7,LAPTOP-38POAUT7) [Debug] 1 [PackageName] WindowsEditor [ProjectName] Editor" joined multi-casting on [225.0.0.222:54997]...

Player connection [10496] Host "[IP] 192.168.31.175 [Port] 0 [Flags] 2 [Guid] 1072328195 [EditorId] 1072328195 [Version] 1048832 [Id] WindowsEditor(7,LAPTOP-38POAUT7) [Debug] 1 [PackageName] WindowsEditor [ProjectName] Editor" joined alternative multi-casting on [225.0.0.222:34997]...

Refreshing native plugins compatible for Editor in 13.68 ms, found 3 plugins.
Preloading 0 native plugins for Editor in 0.00 ms.
Initialize engine version: 2022.2.15f1c1 (e3ae2d1a73e4)
[Subsystems] Discovering subsystems at path D:/CodeEdit/Unity/Hub/Editor/2022.2.15f1c1/Editor/Data/Resources/UnitySubsystems
[Subsystems] Discovering subsystems at path D:/GameCode/frog and road/Assets
GfxDevice: creating device client; threaded=0; jobified=0
Direct3D:
    Version:  Direct3D 11.0 [level 11.1]
    Renderer: NVIDIA GeForce RTX 3060 Laptop GPU (ID=0x2560)
    Vendor:   NVIDIA
    VRAM:     6009 MB
    Driver:   31.0.15.2647
Initialize mono
Mono path[0] = 'D:/CodeEdit/Unity/Hub/Editor/2022.2.15f1c1/Editor/Data/Managed'
Mono path[1] = 'D:/CodeEdit/Unity/Hub/Editor/2022.2.15f1c1/Editor/Data/MonoBleedingEdge/lib/mono/unityjit-win32'
Mono config path = 'D:/CodeEdit/Unity/Hub/Editor/2022.2.15f1c1/Editor/Data/MonoBleedingEdge/etc'
Using monoOptions --debugger-agent=transport=dt_socket,embedding=1,server=y,suspend=n,address=127.0.0.1:56504
Begin MonoManager ReloadAssembly
Registering precompiled unity dll's ...
Register platform support module: D:/CodeEdit/Unity/Hub/Editor/2022.2.15f1c1/Editor/Data/PlaybackEngines/AndroidPlayer/UnityEditor.Android.Extensions.dll
Register platform support module: D:/CodeEdit/Unity/Hub/Editor/2022.2.15f1c1/Editor/Data/PlaybackEngines/WindowsStandaloneSupport/UnityEditor.WindowsStandalone.Extensions.dll
Registered in 0.010044 seconds.
- Loaded All Assemblies, in  0.324 seconds
Native extension for WindowsStandalone target not found
Native extension for Android target not found
Android Extension - Scanning For ADB Devices 251 ms
Mono: successfully reloaded assembly
- Finished resetting the current domain, in  0.498 seconds
Domain Reload Profiling:
	ReloadAssembly (191ms)
		BeginReloadAssembly (94ms)
			ExecutionOrderSort (0ms)
			DisableScriptedObjects (0ms)
			BackupInstance (0ms)
			ReleaseScriptingObjects (0ms)
			CreateAndSetChildDomain (1ms)
		LoadAllAssembliesAndSetupDomain (0ms)
			LoadAssemblies (90ms)
			RebuildTransferFunctionScriptingTraits (0ms)
			SetupTypeCache (117ms)
				TypeCache.Initialize (116ms)
					TypeCache.ScanAssembly (114ms)
				ResolveRequiredComponents (0ms)
		FinalizeReload (0ms)
			ReleaseScriptCaches (0ms)
			RebuildScriptCaches (0ms)
			SetupLoadedEditorAssemblies (450ms)
				LogAssemblyErrors (0ms)
				InitializePlatformSupportModulesInManaged (328ms)
				SetLoadedEditorAssemblies (3ms)
				RefreshPlugins (0ms)
				BeforeProcessingInitializeOnLoad (1ms)
				ProcessInitializeOnLoadAttributes (83ms)
				ProcessInitializeOnLoadMethodAttributes (35ms)
				AfterProcessingInitializeOnLoad (0ms)
				EditorAssembliesLoaded (0ms)
			ExecutionOrderSort2 (0ms)
			AwakeInstancesAfterBackupRestoration (0ms)
========================================================================
Worker process is ready to serve import requests
Begin MonoManager ReloadAssembly
- Loaded All Assemblies, in  0.625 seconds
Refreshing native plugins compatible for Editor in 4.89 ms, found 3 plugins.
Native extension for WindowsStandalone target not found
Native extension for Android target not found
Mono: successfully reloaded assembly
- Finished resetting the current domain, in  0.640 seconds
Domain Reload Profiling:
	ReloadAssembly (210ms)
		BeginReloadAssembly (118ms)
			ExecutionOrderSort (0ms)
			DisableScriptedObjects (4ms)
			BackupInstance (0ms)
			ReleaseScriptingObjects (0ms)
			CreateAndSetChildDomain (19ms)
		LoadAllAssembliesAndSetupDomain (408ms)
			LoadAssemblies (223ms)
			RebuildTransferFunctionScriptingTraits (0ms)
			SetupTypeCache (234ms)
				TypeCache.Initialize (219ms)
					TypeCache.ScanAssembly (215ms)
				ResolveRequiredComponents (2ms)
		FinalizeReload (0ms)
			ReleaseScriptCaches (0ms)
			RebuildScriptCaches (0ms)
			SetupLoadedEditorAssemblies (507ms)
				LogAssemblyErrors (0ms)
				InitializePlatformSupportModulesInManaged (19ms)
				SetLoadedEditorAssemblies (4ms)
				RefreshPlugins (0ms)
				BeforeProcessingInitializeOnLoad (50ms)
				ProcessInitializeOnLoadAttributes (400ms)
				ProcessInitializeOnLoadMethodAttributes (25ms)
				AfterProcessingInitializeOnLoad (9ms)
				EditorAssembliesLoaded (0ms)
			ExecutionOrderSort2 (0ms)
			AwakeInstancesAfterBackupRestoration (5ms)
Launched and connected shader compiler UnityShaderCompiler.exe after 0.03 seconds
Refreshing native plugins compatible for Editor in 5.26 ms, found 3 plugins.
Preloading 0 native plugins for Editor in 0.00 ms.
Unloading 2677 Unused Serialized files (Serialized files now loaded: 0)
Unloading 66 unused Assets / (252.2 KB). Loaded Objects now: 3146.
Memory consumption went from 105.3 MB to 105.1 MB.
Total: 4.708400 ms (FindLiveObjects: 0.280500 ms CreateObjectMapping: 0.082100 ms MarkObjects: 4.049400 ms  DeleteObjects: 0.294700 ms)

AssetImportParameters requested are different than current active one (requested -> active):
  custom:video-decoder-webm-vp8: 9c59270c3fd7afecdb556c50c9e8de78 -> 
  custom:container-demuxer-ogg: 62fdf1f143b41e24485cea50d1cbac27 -> 
  custom:AudioImporter_EditorPlatform: d09bf68614088b80899f8185d706f6e7 -> 
  custom:video-codec-MediaFoundation-h265: 746d11721c4dcdbdad8f713fa42b33f4 -> 
  custom:video-decoder-ogg-theora: a1e56fd34408186e4bbccfd4996cb3dc -> 
  custom:framework-win-MediaFoundation: 216162199b28c13a410421893ffa2e32 -> 
  custom:video-encoder-webm-vp8: eb34c28f22e8b96e1ab97ce403110664 -> 
  custom:scripting/monoscript/fileName/Plne.cs: 059ed9dab02bb3a0e6a7f15988f760cc -> 0000d694bb7e47b1c92a617f75c79dc5
  custom:audio-decoder-ogg-vorbis: bf7c407c2cedff20999df2af8eb42d56 -> 
  custom:container-demuxer-webm: 4f35f7cbe854078d1ac9338744f61a02 -> 
  custom:audio-encoder-webm-vorbis: bf7c407c2cedff20999df2af8eb42d56 -> 
  custom:container-muxer-webm: aa71ff27fc2769a1b78a27578f13a17b -> 
========================================================================
Received Import Request.
  Time since last request: 17413.023052 seconds.
  path: Assets/Script/UI/Plne.cs
  artifactKey: Guid(5c30e8357903d2543ae8f56a0ffbb537) Importer(815301076,1909f56bfc062723c751e8b465ee728b)
Start importing Assets/Script/UI/Plne.cs using Guid(5c30e8357903d2543ae8f56a0ffbb537) Importer(815301076,1909f56bfc062723c751e8b465ee728b)  -> (artifact id: '2f5a3affcd49c77afdc4893dd35ab086') in 0.001995 seconds
Number of updated asset objects reloaded before import = 0
Number of asset objects unloaded after import = 0
========================================================================
Received Prepare
Begin MonoManager ReloadAssembly
- Loaded All Assemblies, in  0.595 seconds
Refreshing native plugins compatible for Editor in 6.49 ms, found 3 plugins.
Native extension for WindowsStandalone target not found
Native extension for Android target not found
Mono: successfully reloaded assembly
- Finished resetting the current domain, in  0.891 seconds
Domain Reload Profiling:
	ReloadAssembly (219ms)
		BeginReloadAssembly (150ms)
			ExecutionOrderSort (0ms)
			DisableScriptedObjects (9ms)
			BackupInstance (0ms)
			ReleaseScriptingObjects (0ms)
			CreateAndSetChildDomain (39ms)
		LoadAllAssembliesAndSetupDomain (369ms)
			LoadAssemblies (224ms)
			RebuildTransferFunctionScriptingTraits (0ms)
			SetupTypeCache (198ms)
				TypeCache.Initialize (193ms)
					TypeCache.ScanAssembly (188ms)
				ResolveRequiredComponents (2ms)
		FinalizeReload (0ms)
			ReleaseScriptCaches (0ms)
			RebuildScriptCaches (0ms)
			SetupLoadedEditorAssemblies (455ms)
				LogAssemblyErrors (0ms)
				InitializePlatformSupportModulesInManaged (19ms)
				SetLoadedEditorAssemblies (4ms)
				RefreshPlugins (0ms)
				BeforeProcessingInitializeOnLoad (51ms)
				ProcessInitializeOnLoadAttributes (345ms)
				ProcessInitializeOnLoadMethodAttributes (23ms)
				AfterProcessingInitializeOnLoad (13ms)
				EditorAssembliesLoaded (0ms)
			ExecutionOrderSort2 (0ms)
			AwakeInstancesAfterBackupRestoration (10ms)
Refreshing native plugins compatible for Editor in 5.44 ms, found 3 plugins.
Preloading 0 native plugins for Editor in 0.00 ms.
Unloading 2671 Unused Serialized files (Serialized files now loaded: 0)
Unloading 35 unused Assets / (214.4 KB). Loaded Objects now: 3151.
Memory consumption went from 103.8 MB to 103.6 MB.
Total: 3.875600 ms (FindLiveObjects: 0.208500 ms CreateObjectMapping: 0.060500 ms MarkObjects: 3.417000 ms  DeleteObjects: 0.188600 ms)

Prepare: number of updated asset objects reloaded= 0
AssetImportParameters requested are different than current active one (requested -> active):
  custom:video-decoder-webm-vp8: 9c59270c3fd7afecdb556c50c9e8de78 -> 
  custom:container-demuxer-ogg: 62fdf1f143b41e24485cea50d1cbac27 -> 
  custom:AudioImporter_EditorPlatform: d09bf68614088b80899f8185d706f6e7 -> 
  custom:video-codec-MediaFoundation-h265: 746d11721c4dcdbdad8f713fa42b33f4 -> 
  custom:video-decoder-ogg-theora: a1e56fd34408186e4bbccfd4996cb3dc -> 
  custom:framework-win-MediaFoundation: 216162199b28c13a410421893ffa2e32 -> 
  custom:video-encoder-webm-vp8: eb34c28f22e8b96e1ab97ce403110664 -> 
  custom:scripting/monoscript/fileName/Plne.cs: 059ed9dab02bb3a0e6a7f15988f760cc -> 0000d694bb7e47b1c92a617f75c79dc5
  custom:audio-decoder-ogg-vorbis: bf7c407c2cedff20999df2af8eb42d56 -> 
  custom:container-demuxer-webm: 4f35f7cbe854078d1ac9338744f61a02 -> 
  custom:audio-encoder-webm-vorbis: bf7c407c2cedff20999df2af8eb42d56 -> 
  custom:container-muxer-webm: aa71ff27fc2769a1b78a27578f13a17b -> 
========================================================================
Received Prepare
Begin MonoManager ReloadAssembly
- Loaded All Assemblies, in  0.578 seconds
Refreshing native plugins compatible for Editor in 4.90 ms, found 3 plugins.
Native extension for WindowsStandalone target not found
Native extension for Android target not found
Mono: successfully reloaded assembly
- Finished resetting the current domain, in  0.915 seconds
Domain Reload Profiling:
	ReloadAssembly (219ms)
		BeginReloadAssembly (150ms)
			ExecutionOrderSort (0ms)
			DisableScriptedObjects (9ms)
			BackupInstance (0ms)
			ReleaseScriptingObjects (0ms)
			CreateAndSetChildDomain (38ms)
		LoadAllAssembliesAndSetupDomain (353ms)
			LoadAssemblies (217ms)
			RebuildTransferFunctionScriptingTraits (0ms)
			SetupTypeCache (190ms)
				TypeCache.Initialize (188ms)
					TypeCache.ScanAssembly (183ms)
				ResolveRequiredComponents (2ms)
		FinalizeReload (0ms)
			ReleaseScriptCaches (0ms)
			RebuildScriptCaches (0ms)
			SetupLoadedEditorAssemblies (484ms)
				LogAssemblyErrors (0ms)
				InitializePlatformSupportModulesInManaged (19ms)
				SetLoadedEditorAssemblies (4ms)
				RefreshPlugins (0ms)
				BeforeProcessingInitializeOnLoad (52ms)
				ProcessInitializeOnLoadAttributes (375ms)
				ProcessInitializeOnLoadMethodAttributes (23ms)
				AfterProcessingInitializeOnLoad (13ms)
				EditorAssembliesLoaded (0ms)
			ExecutionOrderSort2 (0ms)
			AwakeInstancesAfterBackupRestoration (11ms)
Refreshing native plugins compatible for Editor in 5.39 ms, found 3 plugins.
Preloading 0 native plugins for Editor in 0.00 ms.
Unloading 2672 Unused Serialized files (Serialized files now loaded: 0)
Unloading 35 unused Assets / (222.0 KB). Loaded Objects now: 3155.
Memory consumption went from 104.0 MB to 103.8 MB.
Total: 3.699100 ms (FindLiveObjects: 0.234600 ms CreateObjectMapping: 0.059900 ms MarkObjects: 3.226000 ms  DeleteObjects: 0.177200 ms)

Prepare: number of updated asset objects reloaded= 0
AssetImportParameters requested are different than current active one (requested -> active):
  custom:video-decoder-webm-vp8: 9c59270c3fd7afecdb556c50c9e8de78 -> 
  custom:container-demuxer-ogg: 62fdf1f143b41e24485cea50d1cbac27 -> 
  custom:AudioImporter_EditorPlatform: d09bf68614088b80899f8185d706f6e7 -> 
  custom:video-codec-MediaFoundation-h265: 746d11721c4dcdbdad8f713fa42b33f4 -> 
  custom:video-decoder-ogg-theora: a1e56fd34408186e4bbccfd4996cb3dc -> 
  custom:framework-win-MediaFoundation: 216162199b28c13a410421893ffa2e32 -> 
  custom:video-encoder-webm-vp8: eb34c28f22e8b96e1ab97ce403110664 -> 
  custom:scripting/monoscript/fileName/Plne.cs: 059ed9dab02bb3a0e6a7f15988f760cc -> 0000d694bb7e47b1c92a617f75c79dc5
  custom:audio-decoder-ogg-vorbis: bf7c407c2cedff20999df2af8eb42d56 -> 
  custom:container-demuxer-webm: 4f35f7cbe854078d1ac9338744f61a02 -> 
  custom:audio-encoder-webm-vorbis: bf7c407c2cedff20999df2af8eb42d56 -> 
  custom:container-muxer-webm: aa71ff27fc2769a1b78a27578f13a17b -> 
========================================================================
Received Import Request.
  Time since last request: 602.714110 seconds.
  path: Assets/Audio/RetroGamesSoundFX
  artifactKey: Guid(0d4ae76233306fd41853005b3de2359c) Importer(815301076,1909f56bfc062723c751e8b465ee728b)
Start importing Assets/Audio/RetroGamesSoundFX using Guid(0d4ae76233306fd41853005b3de2359c) Importer(815301076,1909f56bfc062723c751e8b465ee728b)  -> (artifact id: 'b5b6cbf5f57661ef949a4c000744d706') in 0.002183 seconds
Number of updated asset objects reloaded before import = 0
Number of asset objects unloaded after import = 0
========================================================================
Received Import Request.
  Time since last request: 8.830146 seconds.
  path: Assets/Audio/RetroGamesSoundFX/Various
  artifactKey: Guid(104d6a8a86f01c14982b0b0ea8f7a02e) Importer(815301076,1909f56bfc062723c751e8b465ee728b)
Start importing Assets/Audio/RetroGamesSoundFX/Various using Guid(104d6a8a86f01c14982b0b0ea8f7a02e) Importer(815301076,1909f56bfc062723c751e8b465ee728b)  -> (artifact id: 'd32a481b44746ec74a876efe62452eed') in 0.000567 seconds
Number of updated asset objects reloaded before import = 0
Number of asset objects unloaded after import = 0
========================================================================
Received Import Request.
  Time since last request: 0.437207 seconds.
  path: Assets/Audio/RetroGamesSoundFX/Uniscanner
  artifactKey: Guid(003da529040e1ce4cacb889c511bd0ce) Importer(815301076,1909f56bfc062723c751e8b465ee728b)
Start importing Assets/Audio/RetroGamesSoundFX/Uniscanner using Guid(003da529040e1ce4cacb889c511bd0ce) Importer(815301076,1909f56bfc062723c751e8b465ee728b)  -> (artifact id: 'd78ce0ff4ddd5e54700ac49576813661') in 0.000604 seconds
Number of updated asset objects reloaded before import = 0
Number of asset objects unloaded after import = 0
========================================================================
Received Import Request.
  Time since last request: 8.334629 seconds.
  path: Assets/Audio/RetroGamesSoundFX/Hum
  artifactKey: Guid(4215fb694c1ba734cbe35d919aad85dc) Importer(815301076,1909f56bfc062723c751e8b465ee728b)
Start importing Assets/Audio/RetroGamesSoundFX/Hum using Guid(4215fb694c1ba734cbe35d919aad85dc) Importer(815301076,1909f56bfc062723c751e8b465ee728b)  -> (artifact id: '0117ee8412a7b532b9d5c97ace4ecd06') in 0.000649 seconds
Number of updated asset objects reloaded before import = 0
Number of asset objects unloaded after import = 0
========================================================================
Received Import Request.
  Time since last request: 1.166869 seconds.
  path: Assets/Audio/RetroGamesSoundFX/GasReleasing
  artifactKey: Guid(3099c480b6fec7e4e93980334220c585) Importer(815301076,1909f56bfc062723c751e8b465ee728b)
Start importing Assets/Audio/RetroGamesSoundFX/GasReleasing using Guid(3099c480b6fec7e4e93980334220c585) Importer(815301076,1909f56bfc062723c751e8b465ee728b)  -> (artifact id: 'eb4a09a13834ce3a602689f4be588994') in 0.000843 seconds
Number of updated asset objects reloaded before import = 0
Number of asset objects unloaded after import = 0
========================================================================
Received Import Request.
  Time since last request: 13.905280 seconds.
  path: Assets/ArcadeGameBGM#17
  artifactKey: Guid(86369833cdc50f5488aa5baa71891204) Importer(815301076,1909f56bfc062723c751e8b465ee728b)
Start importing Assets/ArcadeGameBGM#17 using Guid(86369833cdc50f5488aa5baa71891204) Importer(815301076,1909f56bfc062723c751e8b465ee728b)  -> (artifact id: 'f4551c7d4c51b6dcc9d1e857d99b79d4') in 0.000645 seconds
Number of updated asset objects reloaded before import = 0
Number of asset objects unloaded after import = 0
========================================================================
Received Import Request.
  Time since last request: 23.136155 seconds.
  path: Assets/Audio/ArcadeGameBGM#17/ArcadeGameBGM#17.wav
  artifactKey: Guid(2cebe5ef59f447d4d803665e3ecf1a2f) Importer(815301076,1909f56bfc062723c751e8b465ee728b)
Start importing Assets/Audio/ArcadeGameBGM#17/ArcadeGameBGM#17.wav using Guid(2cebe5ef59f447d4d803665e3ecf1a2f) Importer(815301076,1909f56bfc062723c751e8b465ee728b)  -> (artifact id: '4ae8a2570920712d769699d186fd0ae9') in 0.073487 seconds
Number of updated asset objects reloaded before import = 0
Number of asset objects unloaded after import = 2
========================================================================
Received Import Request.
  Time since last request: 11.591226 seconds.
  path: Assets/Audio/Jump/Jump1.wav
  artifactKey: Guid(5efa41faebe12634db9ffad659cb294c) Importer(815301076,1909f56bfc062723c751e8b465ee728b)
Start importing Assets/Audio/Jump/Jump1.wav using Guid(5efa41faebe12634db9ffad659cb294c) Importer(815301076,1909f56bfc062723c751e8b465ee728b)  -> (artifact id: '916185501e2274c438183f537b061f75') in 0.010967 seconds
Number of updated asset objects reloaded before import = 0
Number of asset objects unloaded after import = 2
========================================================================
Received Import Request.
  Time since last request: 1.733197 seconds.
  path: Assets/Audio/Jump/Jump2.wav
  artifactKey: Guid(6b49c26b106d92a4d977d8454d734c3c) Importer(815301076,1909f56bfc062723c751e8b465ee728b)
Start importing Assets/Audio/Jump/Jump2.wav using Guid(6b49c26b106d92a4d977d8454d734c3c) Importer(815301076,1909f56bfc062723c751e8b465ee728b)  -> (artifact id: '06d29a61321ebe26587397649aef60a6') in 0.011272 seconds
Number of updated asset objects reloaded before import = 0
Number of asset objects unloaded after import = 2
========================================================================
Received Import Request.
  Time since last request: 1.971653 seconds.
  path: Assets/Audio/Jump/Jump3.wav
  artifactKey: Guid(3190f5940754ee74c91ac7020a68bba9) Importer(815301076,1909f56bfc062723c751e8b465ee728b)
Start importing Assets/Audio/Jump/Jump3.wav using Guid(3190f5940754ee74c91ac7020a68bba9) Importer(815301076,1909f56bfc062723c751e8b465ee728b)  -> (artifact id: 'af2af8fadad1c6df07fbe6dcc0245fbf') in 0.010361 seconds
Number of updated asset objects reloaded before import = 0
Number of asset objects unloaded after import = 2
========================================================================
Received Import Request.
  Time since last request: 8.704152 seconds.
  path: Assets/Audio/Various/Various28.wav
  artifactKey: Guid(803f774d6834cbd44b0949930a503283) Importer(815301076,1909f56bfc062723c751e8b465ee728b)
Start importing Assets/Audio/Various/Various28.wav using Guid(803f774d6834cbd44b0949930a503283) Importer(815301076,1909f56bfc062723c751e8b465ee728b)  -> (artifact id: '0e2868f83a7746134ea920fda9fb8581') in 0.011431 seconds
Number of updated asset objects reloaded before import = 0
Number of asset objects unloaded after import = 2
========================================================================
Received Import Request.
  Time since last request: 2.989501 seconds.
  path: Assets/Audio/Various/Various27.wav
  artifactKey: Guid(8da289687328480439b06319139cd14f) Importer(815301076,1909f56bfc062723c751e8b465ee728b)
Start importing Assets/Audio/Various/Various27.wav using Guid(8da289687328480439b06319139cd14f) Importer(815301076,1909f56bfc062723c751e8b465ee728b)  -> (artifact id: '26d27059cef9231be362990af0f9ed24') in 0.011407 seconds
Number of updated asset objects reloaded before import = 0
Number of asset objects unloaded after import = 2
========================================================================
Received Import Request.
  Time since last request: 2.065251 seconds.
  path: Assets/Audio/Various/Various26.wav
  artifactKey: Guid(0bbb970c59f35624591ada01fc7e0741) Importer(815301076,1909f56bfc062723c751e8b465ee728b)
Start importing Assets/Audio/Various/Various26.wav using Guid(0bbb970c59f35624591ada01fc7e0741) Importer(815301076,1909f56bfc062723c751e8b465ee728b)  -> (artifact id: '5b78c6d73b283d2e25bad5d647db1ffe') in 0.010433 seconds
Number of updated asset objects reloaded before import = 0
Number of asset objects unloaded after import = 2
========================================================================
Received Import Request.
  Time since last request: 2.211658 seconds.
  path: Assets/Audio/Various/Various31.wav
  artifactKey: Guid(3a3db38a6dd680c46bff1917432abdf5) Importer(815301076,1909f56bfc062723c751e8b465ee728b)
Start importing Assets/Audio/Various/Various31.wav using Guid(3a3db38a6dd680c46bff1917432abdf5) Importer(815301076,1909f56bfc062723c751e8b465ee728b)  -> (artifact id: '6c63ea26c0c632f1f043658cd7dafc61') in 0.011168 seconds
Number of updated asset objects reloaded before import = 0
Number of asset objects unloaded after import = 2
========================================================================
Received Import Request.
  Time since last request: 2.361958 seconds.
  path: Assets/Audio/Various/Various32.wav
  artifactKey: Guid(b173facd59a5b4e48bf894bcb8e4f7a0) Importer(815301076,1909f56bfc062723c751e8b465ee728b)
Start importing Assets/Audio/Various/Various32.wav using Guid(b173facd59a5b4e48bf894bcb8e4f7a0) Importer(815301076,1909f56bfc062723c751e8b465ee728b)  -> (artifact id: '39adeeefeceb42a2f840f3aede558941') in 0.011096 seconds
Number of updated asset objects reloaded before import = 0
Number of asset objects unloaded after import = 2
========================================================================
Received Import Request.
  Time since last request: 2.107765 seconds.
  path: Assets/Audio/Various/Various33.wav
  artifactKey: Guid(8fe3196ff7bd3fb4b8c02ef150428dfb) Importer(815301076,1909f56bfc062723c751e8b465ee728b)
Start importing Assets/Audio/Various/Various33.wav using Guid(8fe3196ff7bd3fb4b8c02ef150428dfb) Importer(815301076,1909f56bfc062723c751e8b465ee728b)  -> (artifact id: '7066b5314bf7a17e58e3af7e9eb96ef7') in 0.019324 seconds
Number of updated asset objects reloaded before import = 0
Number of asset objects unloaded after import = 2
========================================================================
Received Import Request.
  Time since last request: 1.684099 seconds.
  path: Assets/Audio/Various/Various34.wav
  artifactKey: Guid(e5f596524eea6a94cb8dc83a14a7af9a) Importer(815301076,1909f56bfc062723c751e8b465ee728b)
Start importing Assets/Audio/Various/Various34.wav using Guid(e5f596524eea6a94cb8dc83a14a7af9a) Importer(815301076,1909f56bfc062723c751e8b465ee728b)  -> (artifact id: 'f52792c75ac892ae7c4555744f6b9042') in 0.010581 seconds
Number of updated asset objects reloaded before import = 0
Number of asset objects unloaded after import = 2
========================================================================
Received Import Request.
  Time since last request: 2.126769 seconds.
  path: Assets/Audio/Various/Various36.wav
  artifactKey: Guid(ea97c9a58b568c24391e32ae634acaa8) Importer(815301076,1909f56bfc062723c751e8b465ee728b)
Start importing Assets/Audio/Various/Various36.wav using Guid(ea97c9a58b568c24391e32ae634acaa8) Importer(815301076,1909f56bfc062723c751e8b465ee728b)  -> (artifact id: '54872e2dfd37e760de699e12df8567ab') in 0.010420 seconds
Number of updated asset objects reloaded before import = 0
Number of asset objects unloaded after import = 2
========================================================================
Received Import Request.
  Time since last request: 1.796490 seconds.
  path: Assets/Audio/Various/Various37.wav
  artifactKey: Guid(2599eb6ced0864841a5a0baa26954db3) Importer(815301076,1909f56bfc062723c751e8b465ee728b)
Start importing Assets/Audio/Various/Various37.wav using Guid(2599eb6ced0864841a5a0baa26954db3) Importer(815301076,1909f56bfc062723c751e8b465ee728b)  -> (artifact id: '180fb05f5273b59f0ea5c6a3e0fac4bf') in 0.011042 seconds
Number of updated asset objects reloaded before import = 0
Number of asset objects unloaded after import = 2
========================================================================
Received Import Request.
  Time since last request: 2.505497 seconds.
  path: Assets/Audio/Various/Various38.wav
  artifactKey: Guid(82cb1c4eb85bc2046a7379f5ebe893c4) Importer(815301076,1909f56bfc062723c751e8b465ee728b)
Start importing Assets/Audio/Various/Various38.wav using Guid(82cb1c4eb85bc2046a7379f5ebe893c4) Importer(815301076,1909f56bfc062723c751e8b465ee728b)  -> (artifact id: 'd219ecdd28f055ef178064060ee72c47') in 0.011533 seconds
Number of updated asset objects reloaded before import = 0
Number of asset objects unloaded after import = 2
========================================================================
Received Import Request.
  Time since last request: 2.493459 seconds.
  path: Assets/Audio/Various/Various39.wav
  artifactKey: Guid(891e100ff8a408d4daea5839f48a337e) Importer(815301076,1909f56bfc062723c751e8b465ee728b)
Start importing Assets/Audio/Various/Various39.wav using Guid(891e100ff8a408d4daea5839f48a337e) Importer(815301076,1909f56bfc062723c751e8b465ee728b)  -> (artifact id: 'c356c481b0e71ab49911496601f6c941') in 0.010472 seconds
Number of updated asset objects reloaded before import = 0
Number of asset objects unloaded after import = 2
========================================================================
Received Import Request.
  Time since last request: 7.292223 seconds.
  path: Assets/Audio/Various/Various24.wav
  artifactKey: Guid(29791425f570fa04d9d581445498d936) Importer(815301076,1909f56bfc062723c751e8b465ee728b)
Start importing Assets/Audio/Various/Various24.wav using Guid(29791425f570fa04d9d581445498d936) Importer(815301076,1909f56bfc062723c751e8b465ee728b)  -> (artifact id: 'a0cf3c1774e3b53ac91793d58134bb1a') in 0.011152 seconds
Number of updated asset objects reloaded before import = 0
Number of asset objects unloaded after import = 2
========================================================================
Received Import Request.
  Time since last request: 3.417130 seconds.
  path: Assets/Audio/Various/Various20.wav
  artifactKey: Guid(aaf3096f8886d254ba54a1a6a6219c90) Importer(815301076,1909f56bfc062723c751e8b465ee728b)
Start importing Assets/Audio/Various/Various20.wav using Guid(aaf3096f8886d254ba54a1a6a6219c90) Importer(815301076,1909f56bfc062723c751e8b465ee728b)  -> (artifact id: '52babc5fd7409d8c2a4eb027c0c35ad9') in 0.010187 seconds
Number of updated asset objects reloaded before import = 0
Number of asset objects unloaded after import = 2
========================================================================
Received Import Request.
  Time since last request: 2.051018 seconds.
  path: Assets/Audio/Various/Various18.wav
  artifactKey: Guid(9bbeea214e557974f90500f6c943f8a6) Importer(815301076,1909f56bfc062723c751e8b465ee728b)
Start importing Assets/Audio/Various/Various18.wav using Guid(9bbeea214e557974f90500f6c943f8a6) Importer(815301076,1909f56bfc062723c751e8b465ee728b)  -> (artifact id: '2de5ec7e78626010d88696e66bc0bd96') in 0.010973 seconds
Number of updated asset objects reloaded before import = 0
Number of asset objects unloaded after import = 2
========================================================================
Received Import Request.
  Time since last request: 2.887295 seconds.
  path: Assets/Audio/Various/Various16.wav
  artifactKey: Guid(c2c38e9a4df996940804afd3c6fa493a) Importer(815301076,1909f56bfc062723c751e8b465ee728b)
Start importing Assets/Audio/Various/Various16.wav using Guid(c2c38e9a4df996940804afd3c6fa493a) Importer(815301076,1909f56bfc062723c751e8b465ee728b)  -> (artifact id: '45d6bdac8f3dc00a6db56423cda507b1') in 0.011163 seconds
Number of updated asset objects reloaded before import = 0
Number of asset objects unloaded after import = 2
========================================================================
Received Import Request.
  Time since last request: 2.383719 seconds.
  path: Assets/Audio/Various/Various17.wav
  artifactKey: Guid(db36fa8ec6a0d8a4da262a33d047333f) Importer(815301076,1909f56bfc062723c751e8b465ee728b)
Start importing Assets/Audio/Various/Various17.wav using Guid(db36fa8ec6a0d8a4da262a33d047333f) Importer(815301076,1909f56bfc062723c751e8b465ee728b)  -> (artifact id: 'a85ec81a598595aae87d54d4666d6983') in 0.010736 seconds
Number of updated asset objects reloaded before import = 0
Number of asset objects unloaded after import = 2
========================================================================
Received Import Request.
  Time since last request: 1.638840 seconds.
  path: Assets/Audio/Various/Various14.wav
  artifactKey: Guid(c8f3561a7f6c24a459b0a0f34fd4e013) Importer(815301076,1909f56bfc062723c751e8b465ee728b)
Start importing Assets/Audio/Various/Various14.wav using Guid(c8f3561a7f6c24a459b0a0f34fd4e013) Importer(815301076,1909f56bfc062723c751e8b465ee728b)  -> (artifact id: '478b41f5d3cd04f0277db5370fbf4e83') in 0.010126 seconds
Number of updated asset objects reloaded before import = 0
Number of asset objects unloaded after import = 2
========================================================================
Received Import Request.
  Time since last request: 1.852451 seconds.
  path: Assets/Audio/Various/Various11.wav
  artifactKey: Guid(8a7bd925216f07d49b9fa4ae009a23b2) Importer(815301076,1909f56bfc062723c751e8b465ee728b)
Start importing Assets/Audio/Various/Various11.wav using Guid(8a7bd925216f07d49b9fa4ae009a23b2) Importer(815301076,1909f56bfc062723c751e8b465ee728b)  -> (artifact id: '0e59c05cd791e490d96ac10432526656') in 0.010479 seconds
Number of updated asset objects reloaded before import = 0
Number of asset objects unloaded after import = 2
========================================================================
Received Import Request.
  Time since last request: 2.687211 seconds.
  path: Assets/Audio/Various/Various07.wav
  artifactKey: Guid(5cd0eaac8f6de254a9dff48935c454b7) Importer(815301076,1909f56bfc062723c751e8b465ee728b)
Start importing Assets/Audio/Various/Various07.wav using Guid(5cd0eaac8f6de254a9dff48935c454b7) Importer(815301076,1909f56bfc062723c751e8b465ee728b)  -> (artifact id: '11c9d5acae86c34352d0f521c3a17f2d') in 0.010578 seconds
Number of updated asset objects reloaded before import = 0
Number of asset objects unloaded after import = 2
========================================================================
Received Import Request.
  Time since last request: 1.610826 seconds.
  path: Assets/Audio/Various/Various09.wav
  artifactKey: Guid(4dcfc7bb7813f20469d2fd05a8baaf7c) Importer(815301076,1909f56bfc062723c751e8b465ee728b)
Start importing Assets/Audio/Various/Various09.wav using Guid(4dcfc7bb7813f20469d2fd05a8baaf7c) Importer(815301076,1909f56bfc062723c751e8b465ee728b)  -> (artifact id: '34ff194ab4183332b95ce254dd758f58') in 0.011019 seconds
Number of updated asset objects reloaded before import = 0
Number of asset objects unloaded after import = 2
========================================================================
Received Import Request.
  Time since last request: 1.423640 seconds.
  path: Assets/Audio/Various/Various08.wav
  artifactKey: Guid(83c97a079d98ccf4589493cd7a6db98e) Importer(815301076,1909f56bfc062723c751e8b465ee728b)
Start importing Assets/Audio/Various/Various08.wav using Guid(83c97a079d98ccf4589493cd7a6db98e) Importer(815301076,1909f56bfc062723c751e8b465ee728b)  -> (artifact id: '2b7941f3c60ce69eb0b06d1c4fd2c606') in 0.010637 seconds
Number of updated asset objects reloaded before import = 0
Number of asset objects unloaded after import = 2
========================================================================
Received Import Request.
  Time since last request: 2.759426 seconds.
  path: Assets/Audio/Various/Various06.wav
  artifactKey: Guid(c17bf35155c8963488acc109705014e0) Importer(815301076,1909f56bfc062723c751e8b465ee728b)
Start importing Assets/Audio/Various/Various06.wav using Guid(c17bf35155c8963488acc109705014e0) Importer(815301076,1909f56bfc062723c751e8b465ee728b)  -> (artifact id: 'f9d3372241610ac6d05141fe0f964415') in 0.010691 seconds
Number of updated asset objects reloaded before import = 0
Number of asset objects unloaded after import = 2
========================================================================
Received Import Request.
  Time since last request: 1.747043 seconds.
  path: Assets/Audio/Various/Various05.wav
  artifactKey: Guid(6b27d942ad7251c4893af825b3da254d) Importer(815301076,1909f56bfc062723c751e8b465ee728b)
Start importing Assets/Audio/Various/Various05.wav using Guid(6b27d942ad7251c4893af825b3da254d) Importer(815301076,1909f56bfc062723c751e8b465ee728b)  -> (artifact id: 'c600fa56048ad5dfb923c83af61a521d') in 0.009884 seconds
Number of updated asset objects reloaded before import = 0
Number of asset objects unloaded after import = 2
========================================================================
Received Import Request.
  Time since last request: 2.641514 seconds.
  path: Assets/Audio/Various/Various04.wav
  artifactKey: Guid(3fc63857d974c9044bd9de1894cb43bb) Importer(815301076,1909f56bfc062723c751e8b465ee728b)
Start importing Assets/Audio/Various/Various04.wav using Guid(3fc63857d974c9044bd9de1894cb43bb) Importer(815301076,1909f56bfc062723c751e8b465ee728b)  -> (artifact id: '420c82148e7dde9e2500563a6738ce36') in 0.011680 seconds
Number of updated asset objects reloaded before import = 0
Number of asset objects unloaded after import = 2
========================================================================
Received Import Request.
  Time since last request: 4.565078 seconds.
  path: Assets/Audio/Various/Various19.wav
  artifactKey: Guid(70f0b8f0939fc4a4db1fd92fdb848ac4) Importer(815301076,1909f56bfc062723c751e8b465ee728b)
Start importing Assets/Audio/Various/Various19.wav using Guid(70f0b8f0939fc4a4db1fd92fdb848ac4) Importer(815301076,1909f56bfc062723c751e8b465ee728b)  -> (artifact id: '9330bb593d5b61085ea5322d38d8cd59') in 0.010751 seconds
Number of updated asset objects reloaded before import = 0
Number of asset objects unloaded after import = 2
========================================================================
Received Import Request.
  Time since last request: 4.314098 seconds.
  path: Assets/Audio/Various/Various21.wav
  artifactKey: Guid(b9a09a781737f174da478e0a97c736e3) Importer(815301076,1909f56bfc062723c751e8b465ee728b)
Start importing Assets/Audio/Various/Various21.wav using Guid(b9a09a781737f174da478e0a97c736e3) Importer(815301076,1909f56bfc062723c751e8b465ee728b)  -> (artifact id: '63a8f6ca2b1c7f84886eb4536aaa2c3a') in 0.010498 seconds
Number of updated asset objects reloaded before import = 0
Number of asset objects unloaded after import = 2
========================================================================
Received Import Request.
  Time since last request: 2.010241 seconds.
  path: Assets/Audio/Various/Various22.wav
  artifactKey: Guid(f7056d278e0af3e4b88d48503020da76) Importer(815301076,1909f56bfc062723c751e8b465ee728b)
Start importing Assets/Audio/Various/Various22.wav using Guid(f7056d278e0af3e4b88d48503020da76) Importer(815301076,1909f56bfc062723c751e8b465ee728b)  -> (artifact id: 'a90eece1298eb5557786dc73c43c9c04') in 0.018920 seconds
Number of updated asset objects reloaded before import = 0
Number of asset objects unloaded after import = 2
========================================================================
Received Import Request.
  Time since last request: 2.072079 seconds.
  path: Assets/Audio/Various/Various23.wav
  artifactKey: Guid(3c0b58788b64ad64aad4676efa3753de) Importer(815301076,1909f56bfc062723c751e8b465ee728b)
Start importing Assets/Audio/Various/Various23.wav using Guid(3c0b58788b64ad64aad4676efa3753de) Importer(815301076,1909f56bfc062723c751e8b465ee728b)  -> (artifact id: '29434f561108a834c75a088c808ed151') in 0.010232 seconds
Number of updated asset objects reloaded before import = 0
Number of asset objects unloaded after import = 2
========================================================================
Received Import Request.
  Time since last request: 4.568921 seconds.
  path: Assets/Audio/Various/Various25.wav
  artifactKey: Guid(d054eea1dac0fb540b7fe8519c41fdb1) Importer(815301076,1909f56bfc062723c751e8b465ee728b)
Start importing Assets/Audio/Various/Various25.wav using Guid(d054eea1dac0fb540b7fe8519c41fdb1) Importer(815301076,1909f56bfc062723c751e8b465ee728b)  -> (artifact id: 'd75e8cd1127bda8d166af18d2c091266') in 0.019842 seconds
Number of updated asset objects reloaded before import = 0
Number of asset objects unloaded after import = 2
========================================================================
Received Import Request.
  Time since last request: 11.652957 seconds.
  path: Assets/Audio
  artifactKey: Guid(09fb074b4a080fc46b964724ffba498b) Importer(815301076,1909f56bfc062723c751e8b465ee728b)
Start importing Assets/Audio using Guid(09fb074b4a080fc46b964724ffba498b) Importer(815301076,1909f56bfc062723c751e8b465ee728b)  -> (artifact id: '19115c6c106727147bae8cacf2e189e2') in 0.000597 seconds
Number of updated asset objects reloaded before import = 0
Number of asset objects unloaded after import = 0
========================================================================
Received Import Request.
  Time since last request: 48.987776 seconds.
  path: Assets/Audio/Various/Various15.wav
  artifactKey: Guid(8741ca36bf312914fbcbdf2bfaba6248) Importer(815301076,1909f56bfc062723c751e8b465ee728b)
Start importing Assets/Audio/Various/Various15.wav using Guid(8741ca36bf312914fbcbdf2bfaba6248) Importer(815301076,1909f56bfc062723c751e8b465ee728b)  -> (artifact id: '2fe3089277dda89a6a39da4082c5da95') in 0.010904 seconds
Number of updated asset objects reloaded before import = 0
Number of asset objects unloaded after import = 2
========================================================================
Received Import Request.
  Time since last request: 28.611342 seconds.
  path: Assets/Audio/Jump
  artifactKey: Guid(2be8bcf2101f9f140b62c1a5a0e50d45) Importer(815301076,1909f56bfc062723c751e8b465ee728b)
Start importing Assets/Audio/Jump using Guid(2be8bcf2101f9f140b62c1a5a0e50d45) Importer(815301076,1909f56bfc062723c751e8b465ee728b)  -> (artifact id: '72118db8f1407eb0df51bee171efcbc7') in 0.000629 seconds
Number of updated asset objects reloaded before import = 0
Number of asset objects unloaded after import = 0
========================================================================
Received Import Request.
  Time since last request: 21.952434 seconds.
  path: Assets/Scenes/GamePlay.unity
  artifactKey: Guid(2cda990e2423bbf4892e6590ba056729) Importer(815301076,1909f56bfc062723c751e8b465ee728b)
Start importing Assets/Scenes/GamePlay.unity using Guid(2cda990e2423bbf4892e6590ba056729) Importer(815301076,1909f56bfc062723c751e8b465ee728b)  -> (artifact id: '01173ba3f7153db653ada941b2f5be45') in 0.000690 seconds
Number of updated asset objects reloaded before import = 0
Number of asset objects unloaded after import = 0
========================================================================
Received Import Request.
  Time since last request: 3.773414 seconds.
  path: Assets/Scenes/GamePlay.unity
  artifactKey: Guid(2cda990e2423bbf4892e6590ba056729) Importer(815301076,1909f56bfc062723c751e8b465ee728b)
Start importing Assets/Scenes/GamePlay.unity using Guid(2cda990e2423bbf4892e6590ba056729) Importer(815301076,1909f56bfc062723c751e8b465ee728b)  -> (artifact id: '2f3020ee07b5c4090f7b5f3a7dfbb9d1') in 0.000544 seconds
Number of updated asset objects reloaded before import = 0
Number of asset objects unloaded after import = 0
========================================================================
Received Import Request.
  Time since last request: 37.242040 seconds.
  path: Assets/Audio/AudioManger.cs
  artifactKey: Guid(2b8fc3b11110e27469764c850c0fc1c4) Importer(815301076,1909f56bfc062723c751e8b465ee728b)
Start importing Assets/Audio/AudioManger.cs using Guid(2b8fc3b11110e27469764c850c0fc1c4) Importer(815301076,1909f56bfc062723c751e8b465ee728b)  -> (artifact id: '5365b2ea73136f0b1960b326ad412dc3') in 0.000591 seconds
Number of updated asset objects reloaded before import = 0
Number of asset objects unloaded after import = 0
========================================================================
Received Prepare
Begin MonoManager ReloadAssembly
- Loaded All Assemblies, in  0.628 seconds
Refreshing native plugins compatible for Editor in 5.05 ms, found 3 plugins.
Native extension for WindowsStandalone target not found
Native extension for Android target not found
Mono: successfully reloaded assembly
- Finished resetting the current domain, in  0.870 seconds
Domain Reload Profiling:
	ReloadAssembly (218ms)
		BeginReloadAssembly (147ms)
			ExecutionOrderSort (0ms)
			DisableScriptedObjects (9ms)
			BackupInstance (0ms)
			ReleaseScriptingObjects (0ms)
			CreateAndSetChildDomain (36ms)
		LoadAllAssembliesAndSetupDomain (402ms)
			LoadAssemblies (265ms)
			RebuildTransferFunctionScriptingTraits (0ms)
			SetupTypeCache (192ms)
				TypeCache.Initialize (187ms)
					TypeCache.ScanAssembly (183ms)
				ResolveRequiredComponents (2ms)
		FinalizeReload (0ms)
			ReleaseScriptCaches (0ms)
			RebuildScriptCaches (0ms)
			SetupLoadedEditorAssemblies (458ms)
				LogAssemblyErrors (0ms)
				InitializePlatformSupportModulesInManaged (19ms)
				SetLoadedEditorAssemblies (3ms)
				RefreshPlugins (0ms)
				BeforeProcessingInitializeOnLoad (50ms)
				ProcessInitializeOnLoadAttributes (356ms)
				ProcessInitializeOnLoadMethodAttributes (21ms)
				AfterProcessingInitializeOnLoad (9ms)
				EditorAssembliesLoaded (0ms)
			ExecutionOrderSort2 (0ms)
			AwakeInstancesAfterBackupRestoration (10ms)
Refreshing native plugins compatible for Editor in 5.22 ms, found 3 plugins.
Preloading 0 native plugins for Editor in 0.00 ms.
Unloading 2672 Unused Serialized files (Serialized files now loaded: 0)
Unloading 35 unused Assets / (214.2 KB). Loaded Objects now: 3170.
Memory consumption went from 108.3 MB to 108.1 MB.
Total: 2.954200 ms (FindLiveObjects: 0.186100 ms CreateObjectMapping: 0.060100 ms MarkObjects: 2.529000 ms  DeleteObjects: 0.178100 ms)

Prepare: number of updated asset objects reloaded= 0
AssetImportParameters requested are different than current active one (requested -> active):
  custom:video-decoder-webm-vp8: 9c59270c3fd7afecdb556c50c9e8de78 -> 
  custom:container-demuxer-ogg: 62fdf1f143b41e24485cea50d1cbac27 -> 
  custom:AudioImporter_EditorPlatform: d09bf68614088b80899f8185d706f6e7 -> 
  custom:video-codec-MediaFoundation-h265: 746d11721c4dcdbdad8f713fa42b33f4 -> 
  custom:video-decoder-ogg-theora: a1e56fd34408186e4bbccfd4996cb3dc -> 
  custom:framework-win-MediaFoundation: 216162199b28c13a410421893ffa2e32 -> 
  custom:video-encoder-webm-vp8: eb34c28f22e8b96e1ab97ce403110664 -> 
  custom:scripting/monoscript/fileName/Plne.cs: 059ed9dab02bb3a0e6a7f15988f760cc -> 0000d694bb7e47b1c92a617f75c79dc5
  custom:audio-decoder-ogg-vorbis: bf7c407c2cedff20999df2af8eb42d56 -> 
  custom:container-demuxer-webm: 4f35f7cbe854078d1ac9338744f61a02 -> 
  custom:audio-encoder-webm-vorbis: bf7c407c2cedff20999df2af8eb42d56 -> 
  custom:container-muxer-webm: aa71ff27fc2769a1b78a27578f13a17b -> 
========================================================================
Received Prepare
Begin MonoManager ReloadAssembly
- Loaded All Assemblies, in  0.602 seconds
Refreshing native plugins compatible for Editor in 4.98 ms, found 3 plugins.
Native extension for WindowsStandalone target not found
Native extension for Android target not found
Mono: successfully reloaded assembly
- Finished resetting the current domain, in  0.884 seconds
Domain Reload Profiling:
	ReloadAssembly (224ms)
		BeginReloadAssembly (155ms)
			ExecutionOrderSort (0ms)
			DisableScriptedObjects (10ms)
			BackupInstance (0ms)
			ReleaseScriptingObjects (0ms)
			CreateAndSetChildDomain (37ms)
		LoadAllAssembliesAndSetupDomain (370ms)
			LoadAssemblies (239ms)
			RebuildTransferFunctionScriptingTraits (0ms)
			SetupTypeCache (192ms)
				TypeCache.Initialize (186ms)
					TypeCache.ScanAssembly (182ms)
				ResolveRequiredComponents (2ms)
		FinalizeReload (0ms)
			ReleaseScriptCaches (0ms)
			RebuildScriptCaches (0ms)
			SetupLoadedEditorAssemblies (460ms)
				LogAssemblyErrors (0ms)
				InitializePlatformSupportModulesInManaged (19ms)
				SetLoadedEditorAssemblies (4ms)
				RefreshPlugins (0ms)
				BeforeProcessingInitializeOnLoad (51ms)
				ProcessInitializeOnLoadAttributes (348ms)
				ProcessInitializeOnLoadMethodAttributes (28ms)
				AfterProcessingInitializeOnLoad (10ms)
				EditorAssembliesLoaded (0ms)
			ExecutionOrderSort2 (0ms)
			AwakeInstancesAfterBackupRestoration (10ms)
Refreshing native plugins compatible for Editor in 5.25 ms, found 3 plugins.
Preloading 0 native plugins for Editor in 0.00 ms.
Unloading 2673 Unused Serialized files (Serialized files now loaded: 0)
Unloading 35 unused Assets / (221.6 KB). Loaded Objects now: 3174.
Memory consumption went from 108.6 MB to 108.4 MB.
Total: 3.066000 ms (FindLiveObjects: 0.221000 ms CreateObjectMapping: 0.064000 ms MarkObjects: 2.584400 ms  DeleteObjects: 0.195500 ms)

Prepare: number of updated asset objects reloaded= 0
AssetImportParameters requested are different than current active one (requested -> active):
  custom:video-decoder-webm-vp8: 9c59270c3fd7afecdb556c50c9e8de78 -> 
  custom:container-demuxer-ogg: 62fdf1f143b41e24485cea50d1cbac27 -> 
  custom:AudioImporter_EditorPlatform: d09bf68614088b80899f8185d706f6e7 -> 
  custom:video-codec-MediaFoundation-h265: 746d11721c4dcdbdad8f713fa42b33f4 -> 
  custom:video-decoder-ogg-theora: a1e56fd34408186e4bbccfd4996cb3dc -> 
  custom:framework-win-MediaFoundation: 216162199b28c13a410421893ffa2e32 -> 
  custom:video-encoder-webm-vp8: eb34c28f22e8b96e1ab97ce403110664 -> 
  custom:scripting/monoscript/fileName/Plne.cs: 059ed9dab02bb3a0e6a7f15988f760cc -> 0000d694bb7e47b1c92a617f75c79dc5
  custom:audio-decoder-ogg-vorbis: bf7c407c2cedff20999df2af8eb42d56 -> 
  custom:container-demuxer-webm: 4f35f7cbe854078d1ac9338744f61a02 -> 
  custom:audio-encoder-webm-vorbis: bf7c407c2cedff20999df2af8eb42d56 -> 
  custom:container-muxer-webm: aa71ff27fc2769a1b78a27578f13a17b -> 
========================================================================
Received Prepare
Begin MonoManager ReloadAssembly
- Loaded All Assemblies, in  0.601 seconds
Refreshing native plugins compatible for Editor in 5.83 ms, found 3 plugins.
Native extension for WindowsStandalone target not found
Native extension for Android target not found
Mono: successfully reloaded assembly
- Finished resetting the current domain, in  0.866 seconds
Domain Reload Profiling:
	ReloadAssembly (221ms)
		BeginReloadAssembly (150ms)
			ExecutionOrderSort (0ms)
			DisableScriptedObjects (10ms)
			BackupInstance (0ms)
			ReleaseScriptingObjects (0ms)
			CreateAndSetChildDomain (38ms)
		LoadAllAssembliesAndSetupDomain (373ms)
			LoadAssemblies (231ms)
			RebuildTransferFunctionScriptingTraits (0ms)
			SetupTypeCache (197ms)
				TypeCache.Initialize (191ms)
					TypeCache.ScanAssembly (186ms)
				ResolveRequiredComponents (2ms)
		FinalizeReload (0ms)
			ReleaseScriptCaches (0ms)
			RebuildScriptCaches (0ms)
			SetupLoadedEditorAssemblies (440ms)
				LogAssemblyErrors (0ms)
				InitializePlatformSupportModulesInManaged (20ms)
				SetLoadedEditorAssemblies (3ms)
				RefreshPlugins (0ms)
				BeforeProcessingInitializeOnLoad (50ms)
				ProcessInitializeOnLoadAttributes (331ms)
				ProcessInitializeOnLoadMethodAttributes (24ms)
				AfterProcessingInitializeOnLoad (11ms)
				EditorAssembliesLoaded (0ms)
			ExecutionOrderSort2 (0ms)
			AwakeInstancesAfterBackupRestoration (11ms)
Refreshing native plugins compatible for Editor in 5.09 ms, found 3 plugins.
Preloading 0 native plugins for Editor in 0.00 ms.
Unloading 2673 Unused Serialized files (Serialized files now loaded: 0)
Unloading 35 unused Assets / (221.5 KB). Loaded Objects now: 3178.
Memory consumption went from 108.6 MB to 108.4 MB.
Total: 3.278900 ms (FindLiveObjects: 0.191400 ms CreateObjectMapping: 0.061300 ms MarkObjects: 2.822000 ms  DeleteObjects: 0.203100 ms)

Prepare: number of updated asset objects reloaded= 0
AssetImportParameters requested are different than current active one (requested -> active):
  custom:video-decoder-webm-vp8: 9c59270c3fd7afecdb556c50c9e8de78 -> 
  custom:container-demuxer-ogg: 62fdf1f143b41e24485cea50d1cbac27 -> 
  custom:AudioImporter_EditorPlatform: d09bf68614088b80899f8185d706f6e7 -> 
  custom:video-codec-MediaFoundation-h265: 746d11721c4dcdbdad8f713fa42b33f4 -> 
  custom:video-decoder-ogg-theora: a1e56fd34408186e4bbccfd4996cb3dc -> 
  custom:framework-win-MediaFoundation: 216162199b28c13a410421893ffa2e32 -> 
  custom:video-encoder-webm-vp8: eb34c28f22e8b96e1ab97ce403110664 -> 
  custom:scripting/monoscript/fileName/Plne.cs: 059ed9dab02bb3a0e6a7f15988f760cc -> 0000d694bb7e47b1c92a617f75c79dc5
  custom:audio-decoder-ogg-vorbis: bf7c407c2cedff20999df2af8eb42d56 -> 
  custom:container-demuxer-webm: 4f35f7cbe854078d1ac9338744f61a02 -> 
  custom:audio-encoder-webm-vorbis: bf7c407c2cedff20999df2af8eb42d56 -> 
  custom:container-muxer-webm: aa71ff27fc2769a1b78a27578f13a17b -> 
========================================================================
Received Prepare
Begin MonoManager ReloadAssembly
- Loaded All Assemblies, in  0.626 seconds
Refreshing native plugins compatible for Editor in 5.44 ms, found 3 plugins.
Native extension for WindowsStandalone target not found
Native extension for Android target not found
Mono: successfully reloaded assembly
- Finished resetting the current domain, in  0.898 seconds
Domain Reload Profiling:
	ReloadAssembly (228ms)
		BeginReloadAssembly (152ms)
			ExecutionOrderSort (0ms)
			DisableScriptedObjects (10ms)
			BackupInstance (0ms)
			ReleaseScriptingObjects (0ms)
			CreateAndSetChildDomain (37ms)
		LoadAllAssembliesAndSetupDomain (390ms)
			LoadAssemblies (251ms)
			RebuildTransferFunctionScriptingTraits (0ms)
			SetupTypeCache (194ms)
				TypeCache.Initialize (188ms)
					TypeCache.ScanAssembly (184ms)
				ResolveRequiredComponents (2ms)
		FinalizeReload (0ms)
			ReleaseScriptCaches (0ms)
			RebuildScriptCaches (0ms)
			SetupLoadedEditorAssemblies (461ms)
				LogAssemblyErrors (0ms)
				InitializePlatformSupportModulesInManaged (19ms)
				SetLoadedEditorAssemblies (4ms)
				RefreshPlugins (0ms)
				BeforeProcessingInitializeOnLoad (50ms)
				ProcessInitializeOnLoadAttributes (356ms)
				ProcessInitializeOnLoadMethodAttributes (22ms)
				AfterProcessingInitializeOnLoad (9ms)
				EditorAssembliesLoaded (0ms)
			ExecutionOrderSort2 (0ms)
			AwakeInstancesAfterBackupRestoration (9ms)
Refreshing native plugins compatible for Editor in 5.31 ms, found 3 plugins.
Preloading 0 native plugins for Editor in 0.00 ms.
Unloading 2673 Unused Serialized files (Serialized files now loaded: 0)
Unloading 35 unused Assets / (221.5 KB). Loaded Objects now: 3182.
Memory consumption went from 108.6 MB to 108.4 MB.
Total: 4.019400 ms (FindLiveObjects: 0.190500 ms CreateObjectMapping: 0.060800 ms MarkObjects: 3.483700 ms  DeleteObjects: 0.283300 ms)

Prepare: number of updated asset objects reloaded= 0
AssetImportParameters requested are different than current active one (requested -> active):
  custom:video-decoder-webm-vp8: 9c59270c3fd7afecdb556c50c9e8de78 -> 
  custom:container-demuxer-ogg: 62fdf1f143b41e24485cea50d1cbac27 -> 
  custom:AudioImporter_EditorPlatform: d09bf68614088b80899f8185d706f6e7 -> 
  custom:video-codec-MediaFoundation-h265: 746d11721c4dcdbdad8f713fa42b33f4 -> 
  custom:video-decoder-ogg-theora: a1e56fd34408186e4bbccfd4996cb3dc -> 
  custom:framework-win-MediaFoundation: 216162199b28c13a410421893ffa2e32 -> 
  custom:video-encoder-webm-vp8: eb34c28f22e8b96e1ab97ce403110664 -> 
  custom:scripting/monoscript/fileName/Plne.cs: 059ed9dab02bb3a0e6a7f15988f760cc -> 0000d694bb7e47b1c92a617f75c79dc5
  custom:audio-decoder-ogg-vorbis: bf7c407c2cedff20999df2af8eb42d56 -> 
  custom:container-demuxer-webm: 4f35f7cbe854078d1ac9338744f61a02 -> 
  custom:audio-encoder-webm-vorbis: bf7c407c2cedff20999df2af8eb42d56 -> 
  custom:container-muxer-webm: aa71ff27fc2769a1b78a27578f13a17b -> 
========================================================================
Received Prepare
Begin MonoManager ReloadAssembly
- Loaded All Assemblies, in  0.610 seconds
Refreshing native plugins compatible for Editor in 5.02 ms, found 3 plugins.
Native extension for WindowsStandalone target not found
Native extension for Android target not found
Mono: successfully reloaded assembly
- Finished resetting the current domain, in  0.886 seconds
Domain Reload Profiling:
	ReloadAssembly (221ms)
		BeginReloadAssembly (152ms)
			ExecutionOrderSort (0ms)
			DisableScriptedObjects (9ms)
			BackupInstance (0ms)
			ReleaseScriptingObjects (0ms)
			CreateAndSetChildDomain (36ms)
		LoadAllAssembliesAndSetupDomain (382ms)
			LoadAssemblies (230ms)
			RebuildTransferFunctionScriptingTraits (0ms)
			SetupTypeCache (207ms)
				TypeCache.Initialize (199ms)
					TypeCache.ScanAssembly (193ms)
				ResolveRequiredComponents (3ms)
		FinalizeReload (0ms)
			ReleaseScriptCaches (0ms)
			RebuildScriptCaches (0ms)
			SetupLoadedEditorAssemblies (454ms)
				LogAssemblyErrors (0ms)
				InitializePlatformSupportModulesInManaged (22ms)
				SetLoadedEditorAssemblies (4ms)
				RefreshPlugins (0ms)
				BeforeProcessingInitializeOnLoad (52ms)
				ProcessInitializeOnLoadAttributes (343ms)
				ProcessInitializeOnLoadMethodAttributes (23ms)
				AfterProcessingInitializeOnLoad (11ms)
				EditorAssembliesLoaded (0ms)
			ExecutionOrderSort2 (0ms)
			AwakeInstancesAfterBackupRestoration (11ms)
Refreshing native plugins compatible for Editor in 5.27 ms, found 3 plugins.
Preloading 0 native plugins for Editor in 0.00 ms.
Unloading 2673 Unused Serialized files (Serialized files now loaded: 0)
Unloading 35 unused Assets / (221.3 KB). Loaded Objects now: 3186.
Memory consumption went from 108.6 MB to 108.4 MB.
Total: 3.334300 ms (FindLiveObjects: 0.242500 ms CreateObjectMapping: 0.090800 ms MarkObjects: 2.822800 ms  DeleteObjects: 0.177300 ms)

Prepare: number of updated asset objects reloaded= 0
AssetImportParameters requested are different than current active one (requested -> active):
  custom:video-decoder-webm-vp8: 9c59270c3fd7afecdb556c50c9e8de78 -> 
  custom:container-demuxer-ogg: 62fdf1f143b41e24485cea50d1cbac27 -> 
  custom:AudioImporter_EditorPlatform: d09bf68614088b80899f8185d706f6e7 -> 
  custom:video-codec-MediaFoundation-h265: 746d11721c4dcdbdad8f713fa42b33f4 -> 
  custom:video-decoder-ogg-theora: a1e56fd34408186e4bbccfd4996cb3dc -> 
  custom:framework-win-MediaFoundation: 216162199b28c13a410421893ffa2e32 -> 
  custom:video-encoder-webm-vp8: eb34c28f22e8b96e1ab97ce403110664 -> 
  custom:scripting/monoscript/fileName/Plne.cs: 059ed9dab02bb3a0e6a7f15988f760cc -> 0000d694bb7e47b1c92a617f75c79dc5
  custom:audio-decoder-ogg-vorbis: bf7c407c2cedff20999df2af8eb42d56 -> 
  custom:container-demuxer-webm: 4f35f7cbe854078d1ac9338744f61a02 -> 
  custom:audio-encoder-webm-vorbis: bf7c407c2cedff20999df2af8eb42d56 -> 
  custom:container-muxer-webm: aa71ff27fc2769a1b78a27578f13a17b -> 
========================================================================
Received Prepare
Begin MonoManager ReloadAssembly
- Loaded All Assemblies, in  0.578 seconds
Refreshing native plugins compatible for Editor in 5.24 ms, found 3 plugins.
Native extension for WindowsStandalone target not found
Native extension for Android target not found
Mono: successfully reloaded assembly
- Finished resetting the current domain, in  0.929 seconds
Domain Reload Profiling:
	ReloadAssembly (224ms)
		BeginReloadAssembly (151ms)
			ExecutionOrderSort (0ms)
			DisableScriptedObjects (9ms)
			BackupInstance (0ms)
			ReleaseScriptingObjects (0ms)
			CreateAndSetChildDomain (41ms)
		LoadAllAssembliesAndSetupDomain (348ms)
			LoadAssemblies (219ms)
			RebuildTransferFunctionScriptingTraits (0ms)
			SetupTypeCache (183ms)
				TypeCache.Initialize (181ms)
					TypeCache.ScanAssembly (176ms)
				ResolveRequiredComponents (2ms)
		FinalizeReload (0ms)
			ReleaseScriptCaches (0ms)
			RebuildScriptCaches (0ms)
			SetupLoadedEditorAssemblies (499ms)
				LogAssemblyErrors (0ms)
				InitializePlatformSupportModulesInManaged (20ms)
				SetLoadedEditorAssemblies (4ms)
				RefreshPlugins (0ms)
				BeforeProcessingInitializeOnLoad (58ms)
				ProcessInitializeOnLoadAttributes (380ms)
				ProcessInitializeOnLoadMethodAttributes (27ms)
				AfterProcessingInitializeOnLoad (11ms)
				EditorAssembliesLoaded (0ms)
			ExecutionOrderSort2 (0ms)
			AwakeInstancesAfterBackupRestoration (11ms)
Refreshing native plugins compatible for Editor in 5.57 ms, found 3 plugins.
Preloading 0 native plugins for Editor in 0.00 ms.
Unloading 2673 Unused Serialized files (Serialized files now loaded: 0)
Unloading 35 unused Assets / (221.7 KB). Loaded Objects now: 3190.
Memory consumption went from 108.6 MB to 108.4 MB.
Total: 3.370500 ms (FindLiveObjects: 0.246300 ms CreateObjectMapping: 0.105600 ms MarkObjects: 2.852800 ms  DeleteObjects: 0.164000 ms)

Prepare: number of updated asset objects reloaded= 0
AssetImportParameters requested are different than current active one (requested -> active):
  custom:video-decoder-webm-vp8: 9c59270c3fd7afecdb556c50c9e8de78 -> 
  custom:container-demuxer-ogg: 62fdf1f143b41e24485cea50d1cbac27 -> 
  custom:AudioImporter_EditorPlatform: d09bf68614088b80899f8185d706f6e7 -> 
  custom:video-codec-MediaFoundation-h265: 746d11721c4dcdbdad8f713fa42b33f4 -> 
  custom:video-decoder-ogg-theora: a1e56fd34408186e4bbccfd4996cb3dc -> 
  custom:framework-win-MediaFoundation: 216162199b28c13a410421893ffa2e32 -> 
  custom:video-encoder-webm-vp8: eb34c28f22e8b96e1ab97ce403110664 -> 
  custom:scripting/monoscript/fileName/Plne.cs: 059ed9dab02bb3a0e6a7f15988f760cc -> 0000d694bb7e47b1c92a617f75c79dc5
  custom:audio-decoder-ogg-vorbis: bf7c407c2cedff20999df2af8eb42d56 -> 
  custom:container-demuxer-webm: 4f35f7cbe854078d1ac9338744f61a02 -> 
  custom:audio-encoder-webm-vorbis: bf7c407c2cedff20999df2af8eb42d56 -> 
  custom:container-muxer-webm: aa71ff27fc2769a1b78a27578f13a17b -> 
========================================================================
Received Prepare
Begin MonoManager ReloadAssembly
- Loaded All Assemblies, in  0.611 seconds
Refreshing native plugins compatible for Editor in 6.30 ms, found 3 plugins.
Native extension for WindowsStandalone target not found
Native extension for Android target not found
Mono: successfully reloaded assembly
- Finished resetting the current domain, in  0.871 seconds
Domain Reload Profiling:
	ReloadAssembly (244ms)
		BeginReloadAssembly (166ms)
			ExecutionOrderSort (0ms)
			DisableScriptedObjects (12ms)
			BackupInstance (0ms)
			ReleaseScriptingObjects (0ms)
			CreateAndSetChildDomain (36ms)
		LoadAllAssembliesAndSetupDomain (360ms)
			LoadAssemblies (241ms)
			RebuildTransferFunctionScriptingTraits (0ms)
			SetupTypeCache (191ms)
				TypeCache.Initialize (185ms)
					TypeCache.ScanAssembly (180ms)
				ResolveRequiredComponents (2ms)
		FinalizeReload (0ms)
			ReleaseScriptCaches (0ms)
			RebuildScriptCaches (0ms)
			SetupLoadedEditorAssemblies (441ms)
				LogAssemblyErrors (0ms)
				InitializePlatformSupportModulesInManaged (21ms)
				SetLoadedEditorAssemblies (4ms)
				RefreshPlugins (0ms)
				BeforeProcessingInitializeOnLoad (53ms)
				ProcessInitializeOnLoadAttributes (331ms)
				ProcessInitializeOnLoadMethodAttributes (21ms)
				AfterProcessingInitializeOnLoad (10ms)
				EditorAssembliesLoaded (0ms)
			ExecutionOrderSort2 (0ms)
			AwakeInstancesAfterBackupRestoration (10ms)
Refreshing native plugins compatible for Editor in 4.85 ms, found 3 plugins.
Preloading 0 native plugins for Editor in 0.00 ms.
Unloading 2673 Unused Serialized files (Serialized files now loaded: 0)
Unloading 35 unused Assets / (221.6 KB). Loaded Objects now: 3194.
Memory consumption went from 108.7 MB to 108.4 MB.
Total: 3.009100 ms (FindLiveObjects: 0.185300 ms CreateObjectMapping: 0.066700 ms MarkObjects: 2.601600 ms  DeleteObjects: 0.154600 ms)

Prepare: number of updated asset objects reloaded= 0
AssetImportParameters requested are different than current active one (requested -> active):
  custom:video-decoder-webm-vp8: 9c59270c3fd7afecdb556c50c9e8de78 -> 
  custom:container-demuxer-ogg: 62fdf1f143b41e24485cea50d1cbac27 -> 
  custom:AudioImporter_EditorPlatform: d09bf68614088b80899f8185d706f6e7 -> 
  custom:video-codec-MediaFoundation-h265: 746d11721c4dcdbdad8f713fa42b33f4 -> 
  custom:video-decoder-ogg-theora: a1e56fd34408186e4bbccfd4996cb3dc -> 
  custom:framework-win-MediaFoundation: 216162199b28c13a410421893ffa2e32 -> 
  custom:video-encoder-webm-vp8: eb34c28f22e8b96e1ab97ce403110664 -> 
  custom:scripting/monoscript/fileName/Plne.cs: 059ed9dab02bb3a0e6a7f15988f760cc -> 0000d694bb7e47b1c92a617f75c79dc5
  custom:audio-decoder-ogg-vorbis: bf7c407c2cedff20999df2af8eb42d56 -> 
  custom:container-demuxer-webm: 4f35f7cbe854078d1ac9338744f61a02 -> 
  custom:audio-encoder-webm-vorbis: bf7c407c2cedff20999df2af8eb42d56 -> 
  custom:container-muxer-webm: aa71ff27fc2769a1b78a27578f13a17b -> 
========================================================================
Received Prepare
Begin MonoManager ReloadAssembly
- Loaded All Assemblies, in  0.630 seconds
Refreshing native plugins compatible for Editor in 5.33 ms, found 3 plugins.
Native extension for WindowsStandalone target not found
Native extension for Android target not found
Mono: successfully reloaded assembly
- Finished resetting the current domain, in  0.870 seconds
Domain Reload Profiling:
	ReloadAssembly (233ms)
		BeginReloadAssembly (159ms)
			ExecutionOrderSort (0ms)
			DisableScriptedObjects (12ms)
			BackupInstance (0ms)
			ReleaseScriptingObjects (0ms)
			CreateAndSetChildDomain (35ms)
		LoadAllAssembliesAndSetupDomain (390ms)
			LoadAssemblies (248ms)
			RebuildTransferFunctionScriptingTraits (0ms)
			SetupTypeCache (207ms)
				TypeCache.Initialize (201ms)
					TypeCache.ScanAssembly (196ms)
				ResolveRequiredComponents (2ms)
		FinalizeReload (0ms)
			ReleaseScriptCaches (0ms)
			RebuildScriptCaches (0ms)
			SetupLoadedEditorAssemblies (434ms)
				LogAssemblyErrors (0ms)
				InitializePlatformSupportModulesInManaged (19ms)
				SetLoadedEditorAssemblies (4ms)
				RefreshPlugins (0ms)
				BeforeProcessingInitializeOnLoad (50ms)
				ProcessInitializeOnLoadAttributes (331ms)
				ProcessInitializeOnLoadMethodAttributes (20ms)
				AfterProcessingInitializeOnLoad (9ms)
				EditorAssembliesLoaded (0ms)
			ExecutionOrderSort2 (0ms)
			AwakeInstancesAfterBackupRestoration (10ms)
Refreshing native plugins compatible for Editor in 5.23 ms, found 3 plugins.
Preloading 0 native plugins for Editor in 0.00 ms.
Unloading 2673 Unused Serialized files (Serialized files now loaded: 0)
Unloading 35 unused Assets / (221.7 KB). Loaded Objects now: 3198.
Memory consumption went from 108.7 MB to 108.4 MB.
Total: 2.963300 ms (FindLiveObjects: 0.211600 ms CreateObjectMapping: 0.064600 ms MarkObjects: 2.529700 ms  DeleteObjects: 0.156500 ms)

Prepare: number of updated asset objects reloaded= 0
AssetImportParameters requested are different than current active one (requested -> active):
  custom:video-decoder-webm-vp8: 9c59270c3fd7afecdb556c50c9e8de78 -> 
  custom:container-demuxer-ogg: 62fdf1f143b41e24485cea50d1cbac27 -> 
  custom:AudioImporter_EditorPlatform: d09bf68614088b80899f8185d706f6e7 -> 
  custom:video-codec-MediaFoundation-h265: 746d11721c4dcdbdad8f713fa42b33f4 -> 
  custom:video-decoder-ogg-theora: a1e56fd34408186e4bbccfd4996cb3dc -> 
  custom:framework-win-MediaFoundation: 216162199b28c13a410421893ffa2e32 -> 
  custom:video-encoder-webm-vp8: eb34c28f22e8b96e1ab97ce403110664 -> 
  custom:scripting/monoscript/fileName/Plne.cs: 059ed9dab02bb3a0e6a7f15988f760cc -> 0000d694bb7e47b1c92a617f75c79dc5
  custom:audio-decoder-ogg-vorbis: bf7c407c2cedff20999df2af8eb42d56 -> 
  custom:container-demuxer-webm: 4f35f7cbe854078d1ac9338744f61a02 -> 
  custom:audio-encoder-webm-vorbis: bf7c407c2cedff20999df2af8eb42d56 -> 
  custom:container-muxer-webm: aa71ff27fc2769a1b78a27578f13a17b -> 
========================================================================
Received Prepare
Begin MonoManager ReloadAssembly
- Loaded All Assemblies, in  0.592 seconds
Refreshing native plugins compatible for Editor in 5.87 ms, found 3 plugins.
Native extension for WindowsStandalone target not found
Native extension for Android target not found
Mono: successfully reloaded assembly
- Finished resetting the current domain, in  0.975 seconds
Domain Reload Profiling:
	ReloadAssembly (217ms)
		BeginReloadAssembly (149ms)
			ExecutionOrderSort (0ms)
			DisableScriptedObjects (10ms)
			BackupInstance (0ms)
			ReleaseScriptingObjects (0ms)
			CreateAndSetChildDomain (36ms)
		LoadAllAssembliesAndSetupDomain (368ms)
			LoadAssemblies (225ms)
			RebuildTransferFunctionScriptingTraits (0ms)
			SetupTypeCache (199ms)
				TypeCache.Initialize (196ms)
					TypeCache.ScanAssembly (192ms)
				ResolveRequiredComponents (3ms)
		FinalizeReload (0ms)
			ReleaseScriptCaches (0ms)
			RebuildScriptCaches (0ms)
			SetupLoadedEditorAssemblies (547ms)
				LogAssemblyErrors (0ms)
				InitializePlatformSupportModulesInManaged (20ms)
				SetLoadedEditorAssemblies (4ms)
				RefreshPlugins (0ms)
				BeforeProcessingInitializeOnLoad (59ms)
				ProcessInitializeOnLoadAttributes (427ms)
				ProcessInitializeOnLoadMethodAttributes (27ms)
				AfterProcessingInitializeOnLoad (11ms)
				EditorAssembliesLoaded (0ms)
			ExecutionOrderSort2 (0ms)
			AwakeInstancesAfterBackupRestoration (11ms)
Refreshing native plugins compatible for Editor in 5.70 ms, found 3 plugins.
Preloading 0 native plugins for Editor in 0.00 ms.
Unloading 2673 Unused Serialized files (Serialized files now loaded: 0)
Unloading 35 unused Assets / (221.5 KB). Loaded Objects now: 3202.
Memory consumption went from 108.7 MB to 108.4 MB.
Total: 3.395500 ms (FindLiveObjects: 0.190400 ms CreateObjectMapping: 0.065000 ms MarkObjects: 2.909200 ms  DeleteObjects: 0.229900 ms)

Prepare: number of updated asset objects reloaded= 0
AssetImportParameters requested are different than current active one (requested -> active):
  custom:video-decoder-webm-vp8: 9c59270c3fd7afecdb556c50c9e8de78 -> 
  custom:container-demuxer-ogg: 62fdf1f143b41e24485cea50d1cbac27 -> 
  custom:AudioImporter_EditorPlatform: d09bf68614088b80899f8185d706f6e7 -> 
  custom:video-codec-MediaFoundation-h265: 746d11721c4dcdbdad8f713fa42b33f4 -> 
  custom:video-decoder-ogg-theora: a1e56fd34408186e4bbccfd4996cb3dc -> 
  custom:framework-win-MediaFoundation: 216162199b28c13a410421893ffa2e32 -> 
  custom:video-encoder-webm-vp8: eb34c28f22e8b96e1ab97ce403110664 -> 
  custom:scripting/monoscript/fileName/Plne.cs: 059ed9dab02bb3a0e6a7f15988f760cc -> 0000d694bb7e47b1c92a617f75c79dc5
  custom:audio-decoder-ogg-vorbis: bf7c407c2cedff20999df2af8eb42d56 -> 
  custom:container-demuxer-webm: 4f35f7cbe854078d1ac9338744f61a02 -> 
  custom:audio-encoder-webm-vorbis: bf7c407c2cedff20999df2af8eb42d56 -> 
  custom:container-muxer-webm: aa71ff27fc2769a1b78a27578f13a17b -> 
========================================================================
Received Import Request.
  Time since last request: 1344.918930 seconds.
  path: Assets/Script/UI/Plne.cs
  artifactKey: Guid(5c30e8357903d2543ae8f56a0ffbb537) Importer(815301076,1909f56bfc062723c751e8b465ee728b)
Start importing Assets/Script/UI/Plne.cs using Guid(5c30e8357903d2543ae8f56a0ffbb537) Importer(815301076,1909f56bfc062723c751e8b465ee728b)  -> (artifact id: 'e1fc13af4696384bfcd7d591eeedbbc7') in 0.001850 seconds
Number of updated asset objects reloaded before import = 0
Number of asset objects unloaded after import = 0
========================================================================
Received Prepare
Begin MonoManager ReloadAssembly
- Loaded All Assemblies, in  0.611 seconds
Refreshing native plugins compatible for Editor in 4.92 ms, found 3 plugins.
Native extension for WindowsStandalone target not found
Native extension for Android target not found
Mono: successfully reloaded assembly
- Finished resetting the current domain, in  0.885 seconds
Domain Reload Profiling:
	ReloadAssembly (228ms)
		BeginReloadAssembly (162ms)
			ExecutionOrderSort (0ms)
			DisableScriptedObjects (10ms)
			BackupInstance (0ms)
			ReleaseScriptingObjects (0ms)
			CreateAndSetChildDomain (49ms)
		LoadAllAssembliesAndSetupDomain (375ms)
			LoadAssemblies (227ms)
			RebuildTransferFunctionScriptingTraits (0ms)
			SetupTypeCache (202ms)
				TypeCache.Initialize (196ms)
					TypeCache.ScanAssembly (191ms)
				ResolveRequiredComponents (2ms)
		FinalizeReload (0ms)
			ReleaseScriptCaches (0ms)
			RebuildScriptCaches (0ms)
			SetupLoadedEditorAssemblies (434ms)
				LogAssemblyErrors (0ms)
				InitializePlatformSupportModulesInManaged (21ms)
				SetLoadedEditorAssemblies (4ms)
				RefreshPlugins (0ms)
				BeforeProcessingInitializeOnLoad (51ms)
				ProcessInitializeOnLoadAttributes (327ms)
				ProcessInitializeOnLoadMethodAttributes (21ms)
				AfterProcessingInitializeOnLoad (11ms)
				EditorAssembliesLoaded (0ms)
			ExecutionOrderSort2 (0ms)
			AwakeInstancesAfterBackupRestoration (10ms)
Refreshing native plugins compatible for Editor in 5.38 ms, found 3 plugins.
Preloading 0 native plugins for Editor in 0.00 ms.
Unloading 2671 Unused Serialized files (Serialized files now loaded: 0)
Unloading 36 unused Assets / (214.7 KB). Loaded Objects now: 3205.
Memory consumption went from 108.4 MB to 108.2 MB.
Total: 3.141500 ms (FindLiveObjects: 0.195400 ms CreateObjectMapping: 0.057600 ms MarkObjects: 2.719700 ms  DeleteObjects: 0.167500 ms)

Prepare: number of updated asset objects reloaded= 0
AssetImportParameters requested are different than current active one (requested -> active):
  custom:video-decoder-webm-vp8: 9c59270c3fd7afecdb556c50c9e8de78 -> 
  custom:container-demuxer-ogg: 62fdf1f143b41e24485cea50d1cbac27 -> 
  custom:AudioImporter_EditorPlatform: d09bf68614088b80899f8185d706f6e7 -> 
  custom:video-codec-MediaFoundation-h265: 746d11721c4dcdbdad8f713fa42b33f4 -> 
  custom:video-decoder-ogg-theora: a1e56fd34408186e4bbccfd4996cb3dc -> 
  custom:framework-win-MediaFoundation: 216162199b28c13a410421893ffa2e32 -> 
  custom:video-encoder-webm-vp8: eb34c28f22e8b96e1ab97ce403110664 -> 
  custom:scripting/monoscript/fileName/Plne.cs: 059ed9dab02bb3a0e6a7f15988f760cc -> 0000d694bb7e47b1c92a617f75c79dc5
  custom:audio-decoder-ogg-vorbis: bf7c407c2cedff20999df2af8eb42d56 -> 
  custom:container-demuxer-webm: 4f35f7cbe854078d1ac9338744f61a02 -> 
  custom:audio-encoder-webm-vorbis: bf7c407c2cedff20999df2af8eb42d56 -> 
  custom:container-muxer-webm: aa71ff27fc2769a1b78a27578f13a17b -> 
========================================================================
Received Import Request.
  Time since last request: 10.475286 seconds.
  path: Assets/Scenes/GamePlay.unity
  artifactKey: Guid(2cda990e2423bbf4892e6590ba056729) Importer(815301076,1909f56bfc062723c751e8b465ee728b)
Start importing Assets/Scenes/GamePlay.unity using Guid(2cda990e2423bbf4892e6590ba056729) Importer(815301076,1909f56bfc062723c751e8b465ee728b)  -> (artifact id: '6e804aae637a07448d80d4cd5db0655a') in 0.001734 seconds
Number of updated asset objects reloaded before import = 0
Number of asset objects unloaded after import = 0
========================================================================
Received Import Request.
  Time since last request: 0.901417 seconds.
  path: Assets/Scenes/MainMenu.unity
  artifactKey: Guid(94290547d614dc14bae67925cb08b2ef) Importer(815301076,1909f56bfc062723c751e8b465ee728b)
Start importing Assets/Scenes/MainMenu.unity using Guid(94290547d614dc14bae67925cb08b2ef) Importer(815301076,1909f56bfc062723c751e8b465ee728b)  -> (artifact id: 'ca81ca3e130c18758334990917e259a3') in 0.000626 seconds
Number of updated asset objects reloaded before import = 0
Number of asset objects unloaded after import = 0
========================================================================
Received Prepare
Begin MonoManager ReloadAssembly
- Loaded All Assemblies, in  0.602 seconds
Refreshing native plugins compatible for Editor in 5.52 ms, found 3 plugins.
Native extension for WindowsStandalone target not found
Native extension for Android target not found
Mono: successfully reloaded assembly
- Finished resetting the current domain, in  0.945 seconds
Domain Reload Profiling:
	ReloadAssembly (215ms)
		BeginReloadAssembly (147ms)
			ExecutionOrderSort (0ms)
			DisableScriptedObjects (9ms)
			BackupInstance (0ms)
			ReleaseScriptingObjects (0ms)
			CreateAndSetChildDomain (39ms)
		LoadAllAssembliesAndSetupDomain (379ms)
			LoadAssemblies (216ms)
			RebuildTransferFunctionScriptingTraits (0ms)
			SetupTypeCache (214ms)
				TypeCache.Initialize (211ms)
					TypeCache.ScanAssembly (207ms)
				ResolveRequiredComponents (2ms)
		FinalizeReload (0ms)
			ReleaseScriptCaches (0ms)
			RebuildScriptCaches (0ms)
			SetupLoadedEditorAssemblies (505ms)
				LogAssemblyErrors (0ms)
				InitializePlatformSupportModulesInManaged (23ms)
				SetLoadedEditorAssemblies (4ms)
				RefreshPlugins (0ms)
				BeforeProcessingInitializeOnLoad (59ms)
				ProcessInitializeOnLoadAttributes (383ms)
				ProcessInitializeOnLoadMethodAttributes (25ms)
				AfterProcessingInitializeOnLoad (11ms)
				EditorAssembliesLoaded (0ms)
			ExecutionOrderSort2 (0ms)
			AwakeInstancesAfterBackupRestoration (11ms)
Refreshing native plugins compatible for Editor in 5.81 ms, found 3 plugins.
Preloading 0 native plugins for Editor in 0.00 ms.
Unloading 2671 Unused Serialized files (Serialized files now loaded: 0)
Unloading 35 unused Assets / (214.3 KB). Loaded Objects now: 3209.
Memory consumption went from 108.4 MB to 108.2 MB.
Total: 3.184200 ms (FindLiveObjects: 0.210700 ms CreateObjectMapping: 0.065200 ms MarkObjects: 2.735800 ms  DeleteObjects: 0.171600 ms)

Prepare: number of updated asset objects reloaded= 0
AssetImportParameters requested are different than current active one (requested -> active):
  custom:video-decoder-webm-vp8: 9c59270c3fd7afecdb556c50c9e8de78 -> 
  custom:container-demuxer-ogg: 62fdf1f143b41e24485cea50d1cbac27 -> 
  custom:AudioImporter_EditorPlatform: d09bf68614088b80899f8185d706f6e7 -> 
  custom:video-codec-MediaFoundation-h265: 746d11721c4dcdbdad8f713fa42b33f4 -> 
  custom:video-decoder-ogg-theora: a1e56fd34408186e4bbccfd4996cb3dc -> 
  custom:framework-win-MediaFoundation: 216162199b28c13a410421893ffa2e32 -> 
  custom:video-encoder-webm-vp8: eb34c28f22e8b96e1ab97ce403110664 -> 
  custom:scripting/monoscript/fileName/Plne.cs: 059ed9dab02bb3a0e6a7f15988f760cc -> 0000d694bb7e47b1c92a617f75c79dc5
  custom:audio-decoder-ogg-vorbis: bf7c407c2cedff20999df2af8eb42d56 -> 
  custom:container-demuxer-webm: 4f35f7cbe854078d1ac9338744f61a02 -> 
  custom:audio-encoder-webm-vorbis: bf7c407c2cedff20999df2af8eb42d56 -> 
  custom:container-muxer-webm: aa71ff27fc2769a1b78a27578f13a17b -> 
========================================================================
Received Import Request.
  Time since last request: 23.557632 seconds.
  path: Assets/Scenes/GamePlay.unity
  artifactKey: Guid(2cda990e2423bbf4892e6590ba056729) Importer(815301076,1909f56bfc062723c751e8b465ee728b)
Start importing Assets/Scenes/GamePlay.unity using Guid(2cda990e2423bbf4892e6590ba056729) Importer(815301076,1909f56bfc062723c751e8b465ee728b)  -> (artifact id: '36246b09873f683468cf7275f3edb1cf') in 0.001740 seconds
Number of updated asset objects reloaded before import = 0
Number of asset objects unloaded after import = 0
========================================================================
Received Prepare
Begin MonoManager ReloadAssembly
- Loaded All Assemblies, in  0.570 seconds
Refreshing native plugins compatible for Editor in 7.01 ms, found 3 plugins.
Native extension for WindowsStandalone target not found
Native extension for Android target not found
Mono: successfully reloaded assembly
- Finished resetting the current domain, in  0.948 seconds
Domain Reload Profiling:
	ReloadAssembly (209ms)
		BeginReloadAssembly (142ms)
			ExecutionOrderSort (0ms)
			DisableScriptedObjects (9ms)
			BackupInstance (0ms)
			ReleaseScriptingObjects (0ms)
			CreateAndSetChildDomain (36ms)
		LoadAllAssembliesAndSetupDomain (353ms)
			LoadAssemblies (219ms)
			RebuildTransferFunctionScriptingTraits (0ms)
			SetupTypeCache (185ms)
				TypeCache.Initialize (182ms)
					TypeCache.ScanAssembly (178ms)
				ResolveRequiredComponents (2ms)
		FinalizeReload (0ms)
			ReleaseScriptCaches (0ms)
			RebuildScriptCaches (0ms)
			SetupLoadedEditorAssemblies (500ms)
				LogAssemblyErrors (0ms)
				InitializePlatformSupportModulesInManaged (21ms)
				SetLoadedEditorAssemblies (4ms)
				RefreshPlugins (0ms)
				BeforeProcessingInitializeOnLoad (59ms)
				ProcessInitializeOnLoadAttributes (377ms)
				ProcessInitializeOnLoadMethodAttributes (27ms)
				AfterProcessingInitializeOnLoad (11ms)
				EditorAssembliesLoaded (0ms)
			ExecutionOrderSort2 (0ms)
			AwakeInstancesAfterBackupRestoration (11ms)
Refreshing native plugins compatible for Editor in 6.19 ms, found 3 plugins.
Preloading 0 native plugins for Editor in 0.00 ms.
Unloading 2671 Unused Serialized files (Serialized files now loaded: 0)
Unloading 35 unused Assets / (214.2 KB). Loaded Objects now: 3213.
Memory consumption went from 108.4 MB to 108.2 MB.
Total: 3.818900 ms (FindLiveObjects: 0.204200 ms CreateObjectMapping: 0.060400 ms MarkObjects: 3.317500 ms  DeleteObjects: 0.235600 ms)

Prepare: number of updated asset objects reloaded= 0
AssetImportParameters requested are different than current active one (requested -> active):
  custom:video-decoder-webm-vp8: 9c59270c3fd7afecdb556c50c9e8de78 -> 
  custom:container-demuxer-ogg: 62fdf1f143b41e24485cea50d1cbac27 -> 
  custom:AudioImporter_EditorPlatform: d09bf68614088b80899f8185d706f6e7 -> 
  custom:video-codec-MediaFoundation-h265: 746d11721c4dcdbdad8f713fa42b33f4 -> 
  custom:video-decoder-ogg-theora: a1e56fd34408186e4bbccfd4996cb3dc -> 
  custom:framework-win-MediaFoundation: 216162199b28c13a410421893ffa2e32 -> 
  custom:video-encoder-webm-vp8: eb34c28f22e8b96e1ab97ce403110664 -> 
  custom:scripting/monoscript/fileName/Plne.cs: 059ed9dab02bb3a0e6a7f15988f760cc -> 0000d694bb7e47b1c92a617f75c79dc5
  custom:audio-decoder-ogg-vorbis: bf7c407c2cedff20999df2af8eb42d56 -> 
  custom:container-demuxer-webm: 4f35f7cbe854078d1ac9338744f61a02 -> 
  custom:audio-encoder-webm-vorbis: bf7c407c2cedff20999df2af8eb42d56 -> 
  custom:container-muxer-webm: aa71ff27fc2769a1b78a27578f13a17b -> 
========================================================================
Received Prepare
Begin MonoManager ReloadAssembly
- Loaded All Assemblies, in  0.631 seconds
Refreshing native plugins compatible for Editor in 5.58 ms, found 3 plugins.
Native extension for WindowsStandalone target not found
Native extension for Android target not found
Mono: successfully reloaded assembly
- Finished resetting the current domain, in  0.856 seconds
Domain Reload Profiling:
	ReloadAssembly (237ms)
		BeginReloadAssembly (170ms)
			ExecutionOrderSort (0ms)
			DisableScriptedObjects (9ms)
			BackupInstance (0ms)
			ReleaseScriptingObjects (0ms)
			CreateAndSetChildDomain (40ms)
		LoadAllAssembliesAndSetupDomain (387ms)
			LoadAssemblies (242ms)
			RebuildTransferFunctionScriptingTraits (0ms)
			SetupTypeCache (219ms)
				TypeCache.Initialize (216ms)
					TypeCache.ScanAssembly (211ms)
				ResolveRequiredComponents (2ms)
		FinalizeReload (0ms)
			ReleaseScriptCaches (0ms)
			RebuildScriptCaches (0ms)
			SetupLoadedEditorAssemblies (443ms)
				LogAssemblyErrors (0ms)
				InitializePlatformSupportModulesInManaged (18ms)
				SetLoadedEditorAssemblies (4ms)
				RefreshPlugins (0ms)
				BeforeProcessingInitializeOnLoad (50ms)
				ProcessInitializeOnLoadAttributes (342ms)
				ProcessInitializeOnLoadMethodAttributes (20ms)
				AfterProcessingInitializeOnLoad (9ms)
				EditorAssembliesLoaded (0ms)
			ExecutionOrderSort2 (0ms)
			AwakeInstancesAfterBackupRestoration (10ms)
Refreshing native plugins compatible for Editor in 5.87 ms, found 3 plugins.
Preloading 0 native plugins for Editor in 0.00 ms.
Unloading 2672 Unused Serialized files (Serialized files now loaded: 0)
Unloading 35 unused Assets / (221.7 KB). Loaded Objects now: 3217.
Memory consumption went from 108.7 MB to 108.5 MB.
Total: 3.024500 ms (FindLiveObjects: 0.204100 ms CreateObjectMapping: 0.073200 ms MarkObjects: 2.536700 ms  DeleteObjects: 0.209700 ms)

Prepare: number of updated asset objects reloaded= 0
AssetImportParameters requested are different than current active one (requested -> active):
  custom:video-decoder-webm-vp8: 9c59270c3fd7afecdb556c50c9e8de78 -> 
  custom:container-demuxer-ogg: 62fdf1f143b41e24485cea50d1cbac27 -> 
  custom:AudioImporter_EditorPlatform: d09bf68614088b80899f8185d706f6e7 -> 
  custom:video-codec-MediaFoundation-h265: 746d11721c4dcdbdad8f713fa42b33f4 -> 
  custom:video-decoder-ogg-theora: a1e56fd34408186e4bbccfd4996cb3dc -> 
  custom:framework-win-MediaFoundation: 216162199b28c13a410421893ffa2e32 -> 
  custom:video-encoder-webm-vp8: eb34c28f22e8b96e1ab97ce403110664 -> 
  custom:scripting/monoscript/fileName/Plne.cs: 059ed9dab02bb3a0e6a7f15988f760cc -> 0000d694bb7e47b1c92a617f75c79dc5
  custom:audio-decoder-ogg-vorbis: bf7c407c2cedff20999df2af8eb42d56 -> 
  custom:container-demuxer-webm: 4f35f7cbe854078d1ac9338744f61a02 -> 
  custom:audio-encoder-webm-vorbis: bf7c407c2cedff20999df2af8eb42d56 -> 
  custom:container-muxer-webm: aa71ff27fc2769a1b78a27578f13a17b -> 
========================================================================
Received Prepare
Refreshing native plugins compatible for Editor in 5.39 ms, found 3 plugins.
Preloading 0 native plugins for Editor in 0.00 ms.
Unloading 7 Unused Serialized files (Serialized files now loaded: 0)
Unloading 7 unused Assets / (205.9 KB). Loaded Objects now: 3217.
Memory consumption went from 68.4 MB to 68.2 MB.
Total: 2.838800 ms (FindLiveObjects: 0.217000 ms CreateObjectMapping: 0.060900 ms MarkObjects: 2.427200 ms  DeleteObjects: 0.132900 ms)

Prepare: number of updated asset objects reloaded= 0
AssetImportParameters requested are different than current active one (requested -> active):
  custom:video-decoder-webm-vp8: 9c59270c3fd7afecdb556c50c9e8de78 -> 
  custom:container-demuxer-ogg: 62fdf1f143b41e24485cea50d1cbac27 -> 
  custom:AudioImporter_EditorPlatform: d09bf68614088b80899f8185d706f6e7 -> 
  custom:video-codec-MediaFoundation-h265: 746d11721c4dcdbdad8f713fa42b33f4 -> 
  custom:video-decoder-ogg-theora: a1e56fd34408186e4bbccfd4996cb3dc -> 
  custom:framework-win-MediaFoundation: 216162199b28c13a410421893ffa2e32 -> 
  custom:video-encoder-webm-vp8: eb34c28f22e8b96e1ab97ce403110664 -> 
  custom:scripting/monoscript/fileName/Plne.cs: 059ed9dab02bb3a0e6a7f15988f760cc -> 0000d694bb7e47b1c92a617f75c79dc5
  custom:audio-decoder-ogg-vorbis: bf7c407c2cedff20999df2af8eb42d56 -> 
  custom:container-demuxer-webm: 4f35f7cbe854078d1ac9338744f61a02 -> 
  custom:audio-encoder-webm-vorbis: bf7c407c2cedff20999df2af8eb42d56 -> 
  custom:container-muxer-webm: aa71ff27fc2769a1b78a27578f13a17b -> 
